[INFO ] 2016-09-18 21:16:22.707 [localhost-startStop-1] ContextLoader - Root WebApplicationContext: initialization completed in 1627 ms
[INFO ] 2016-09-18 21:16:23.243 [main] RequestMappingHandlerAdapter - Looking for @ControllerAdvice: org.springframework.boot.context.embedded.AnnotationConfigEmbeddedWebApplicationContext@5fa7e88e: startup date [Sun Sep 18 21:16:21 PDT 2016]; root of context hierarchy
[INFO ] 2016-09-18 21:16:23.354 [main] RequestMappingHandlerMapping - Mapped "{[/createInventory],methods=[POST]}" onto public org.springframework.http.ResponseEntity<java.lang.String> com.shipwire.controller.InventoryController.create(org.springframework.web.multipart.MultipartFile)
[INFO ] 2016-09-18 21:16:23.355 [main] RequestMappingHandlerMapping - Mapped "{[/createOrder],methods=[POST]}" onto public org.springframework.http.ResponseEntity<java.lang.String> com.shipwire.controller.OrderController.create(org.springframework.web.multipart.MultipartFile)
[INFO ] 2016-09-18 21:16:23.359 [main] RequestMappingHandlerMapping - Mapped "{[/error],produces=[text/html]}" onto public org.springframework.web.servlet.ModelAndView org.springframework.boot.autoconfigure.web.BasicErrorController.errorHtml(javax.servlet.http.HttpServletRequest,javax.servlet.http.HttpServletResponse)
[INFO ] 2016-09-18 21:16:23.359 [main] RequestMappingHandlerMapping - Mapped "{[/error]}" onto public org.springframework.http.ResponseEntity<java.util.Map<java.lang.String, java.lang.Object>> org.springframework.boot.autoconfigure.web.BasicErrorController.error(javax.servlet.http.HttpServletRequest)
[INFO ] 2016-09-18 21:16:23.404 [main] SimpleUrlHandlerMapping - Mapped URL path [/webjars/**] onto handler of type [class org.springframework.web.servlet.resource.ResourceHttpRequestHandler]
[INFO ] 2016-09-18 21:16:23.404 [main] SimpleUrlHandlerMapping - Mapped URL path [/**] onto handler of type [class org.springframework.web.servlet.resource.ResourceHttpRequestHandler]
[INFO ] 2016-09-18 21:16:23.450 [main] SimpleUrlHandlerMapping - Mapped URL path [/**/favicon.ico] onto handler of type [class org.springframework.web.servlet.resource.ResourceHttpRequestHandler]
[INFO ] 2016-09-18 21:16:53.172 [localhost-startStop-1] ContextLoader - Root WebApplicationContext: initialization completed in 1479 ms
[INFO ] 2016-09-18 21:16:53.631 [main] RequestMappingHandlerAdapter - Looking for @ControllerAdvice: org.springframework.boot.context.embedded.AnnotationConfigEmbeddedWebApplicationContext@2251f6e2: startup date [Sun Sep 18 21:16:51 PDT 2016]; root of context hierarchy
[INFO ] 2016-09-18 21:16:53.724 [main] RequestMappingHandlerMapping - Mapped "{[/createInventory],methods=[POST]}" onto public org.springframework.http.ResponseEntity<java.lang.String> com.shipwire.controller.InventoryController.create(org.springframework.web.multipart.MultipartFile)
[INFO ] 2016-09-18 21:16:53.725 [main] RequestMappingHandlerMapping - Mapped "{[/createOrder],methods=[POST]}" onto public org.springframework.http.ResponseEntity<java.lang.String> com.shipwire.controller.OrderController.create(org.springframework.web.multipart.MultipartFile)
[INFO ] 2016-09-18 21:16:53.729 [main] RequestMappingHandlerMapping - Mapped "{[/error],produces=[text/html]}" onto public org.springframework.web.servlet.ModelAndView org.springframework.boot.autoconfigure.web.BasicErrorController.errorHtml(javax.servlet.http.HttpServletRequest,javax.servlet.http.HttpServletResponse)
[INFO ] 2016-09-18 21:16:53.729 [main] RequestMappingHandlerMapping - Mapped "{[/error]}" onto public org.springframework.http.ResponseEntity<java.util.Map<java.lang.String, java.lang.Object>> org.springframework.boot.autoconfigure.web.BasicErrorController.error(javax.servlet.http.HttpServletRequest)
[INFO ] 2016-09-18 21:16:53.774 [main] SimpleUrlHandlerMapping - Mapped URL path [/webjars/**] onto handler of type [class org.springframework.web.servlet.resource.ResourceHttpRequestHandler]
[INFO ] 2016-09-18 21:16:53.774 [main] SimpleUrlHandlerMapping - Mapped URL path [/**] onto handler of type [class org.springframework.web.servlet.resource.ResourceHttpRequestHandler]
[INFO ] 2016-09-18 21:16:53.824 [main] SimpleUrlHandlerMapping - Mapped URL path [/**/favicon.ico] onto handler of type [class org.springframework.web.servlet.resource.ResourceHttpRequestHandler]
[INFO ] 2016-09-18 21:17:02.998 [http-nio-8080-exec-1] DispatcherServlet - FrameworkServlet 'dispatcherServlet': initialization started
[INFO ] 2016-09-18 21:17:03.008 [http-nio-8080-exec-1] DispatcherServlet - FrameworkServlet 'dispatcherServlet': initialization completed in 10 ms
[INFO ] 2016-09-18 21:19:16.006 [localhost-startStop-1] ContextLoader - Root WebApplicationContext: initialization completed in 1587 ms
[INFO ] 2016-09-18 21:19:16.467 [main] RequestMappingHandlerAdapter - Looking for @ControllerAdvice: org.springframework.boot.context.embedded.AnnotationConfigEmbeddedWebApplicationContext@2251f6e2: startup date [Sun Sep 18 21:19:14 PDT 2016]; root of context hierarchy
[INFO ] 2016-09-18 21:19:16.539 [main] RequestMappingHandlerMapping - Mapped "{[/createInventory],methods=[POST]}" onto public org.springframework.http.ResponseEntity<java.lang.String> com.shipwire.controller.InventoryController.create(org.springframework.web.multipart.MultipartFile)
[INFO ] 2016-09-18 21:19:16.540 [main] RequestMappingHandlerMapping - Mapped "{[/createOrder],methods=[POST]}" onto public org.springframework.http.ResponseEntity<java.lang.String> com.shipwire.controller.OrderController.create(org.springframework.web.multipart.MultipartFile)
[INFO ] 2016-09-18 21:19:16.543 [main] RequestMappingHandlerMapping - Mapped "{[/error],produces=[text/html]}" onto public org.springframework.web.servlet.ModelAndView org.springframework.boot.autoconfigure.web.BasicErrorController.errorHtml(javax.servlet.http.HttpServletRequest,javax.servlet.http.HttpServletResponse)
[INFO ] 2016-09-18 21:19:16.543 [main] RequestMappingHandlerMapping - Mapped "{[/error]}" onto public org.springframework.http.ResponseEntity<java.util.Map<java.lang.String, java.lang.Object>> org.springframework.boot.autoconfigure.web.BasicErrorController.error(javax.servlet.http.HttpServletRequest)
[INFO ] 2016-09-18 21:19:16.579 [main] SimpleUrlHandlerMapping - Mapped URL path [/webjars/**] onto handler of type [class org.springframework.web.servlet.resource.ResourceHttpRequestHandler]
[INFO ] 2016-09-18 21:19:16.579 [main] SimpleUrlHandlerMapping - Mapped URL path [/**] onto handler of type [class org.springframework.web.servlet.resource.ResourceHttpRequestHandler]
[INFO ] 2016-09-18 21:19:16.615 [main] SimpleUrlHandlerMapping - Mapped URL path [/**/favicon.ico] onto handler of type [class org.springframework.web.servlet.resource.ResourceHttpRequestHandler]
[INFO ] 2016-09-18 21:19:19.771 [http-nio-8080-exec-1] DispatcherServlet - FrameworkServlet 'dispatcherServlet': initialization started
[INFO ] 2016-09-18 21:19:19.784 [http-nio-8080-exec-1] DispatcherServlet - FrameworkServlet 'dispatcherServlet': initialization completed in 13 ms
[INFO ] 2016-09-18 21:21:12.406 [localhost-startStop-1] ContextLoader - Root WebApplicationContext: initialization completed in 1907 ms
[INFO ] 2016-09-18 21:21:13.011 [main] RequestMappingHandlerAdapter - Looking for @ControllerAdvice: org.springframework.boot.context.embedded.AnnotationConfigEmbeddedWebApplicationContext@274872f8: startup date [Sun Sep 18 21:21:10 PDT 2016]; root of context hierarchy
[INFO ] 2016-09-18 21:21:13.071 [main] RequestMappingHandlerMapping - Mapped "{[/createInventory],methods=[POST]}" onto public org.springframework.http.ResponseEntity<java.lang.String> com.shipwire.controller.InventoryController.create(org.springframework.web.multipart.MultipartFile)
[INFO ] 2016-09-18 21:21:13.072 [main] RequestMappingHandlerMapping - Mapped "{[/createOrder],methods=[POST]}" onto public org.springframework.http.ResponseEntity<java.lang.String> com.shipwire.controller.OrderController.create(org.springframework.web.multipart.MultipartFile)
[INFO ] 2016-09-18 21:21:13.076 [main] RequestMappingHandlerMapping - Mapped "{[/error],produces=[text/html]}" onto public org.springframework.web.servlet.ModelAndView org.springframework.boot.autoconfigure.web.BasicErrorController.errorHtml(javax.servlet.http.HttpServletRequest,javax.servlet.http.HttpServletResponse)
[INFO ] 2016-09-18 21:21:13.076 [main] RequestMappingHandlerMapping - Mapped "{[/error]}" onto public org.springframework.http.ResponseEntity<java.util.Map<java.lang.String, java.lang.Object>> org.springframework.boot.autoconfigure.web.BasicErrorController.error(javax.servlet.http.HttpServletRequest)
[INFO ] 2016-09-18 21:21:13.133 [main] SimpleUrlHandlerMapping - Mapped URL path [/webjars/**] onto handler of type [class org.springframework.web.servlet.resource.ResourceHttpRequestHandler]
[INFO ] 2016-09-18 21:21:13.133 [main] SimpleUrlHandlerMapping - Mapped URL path [/**] onto handler of type [class org.springframework.web.servlet.resource.ResourceHttpRequestHandler]
[INFO ] 2016-09-18 21:21:13.200 [main] SimpleUrlHandlerMapping - Mapped URL path [/**/favicon.ico] onto handler of type [class org.springframework.web.servlet.resource.ResourceHttpRequestHandler]
[INFO ] 2016-09-18 21:21:18.079 [http-nio-8080-exec-1] DispatcherServlet - FrameworkServlet 'dispatcherServlet': initialization started
[INFO ] 2016-09-18 21:21:18.099 [http-nio-8080-exec-1] DispatcherServlet - FrameworkServlet 'dispatcherServlet': initialization completed in 20 ms
[INFO ] 2016-09-18 21:24:20.452 [localhost-startStop-1] ContextLoader - Root WebApplicationContext: initialization completed in 1571 ms
[INFO ] 2016-09-18 21:24:20.930 [main] RequestMappingHandlerAdapter - Looking for @ControllerAdvice: org.springframework.boot.context.embedded.AnnotationConfigEmbeddedWebApplicationContext@5769c51b: startup date [Sun Sep 18 21:24:18 PDT 2016]; root of context hierarchy
[INFO ] 2016-09-18 21:24:21.014 [main] RequestMappingHandlerMapping - Mapped "{[/createInventory],methods=[POST]}" onto public org.springframework.http.ResponseEntity<java.lang.String> com.shipwire.controller.InventoryController.create(org.springframework.web.multipart.MultipartFile)
[INFO ] 2016-09-18 21:24:21.015 [main] RequestMappingHandlerMapping - Mapped "{[/createOrder],methods=[POST]}" onto public org.springframework.http.ResponseEntity<java.lang.String> com.shipwire.controller.OrderController.create(org.springframework.web.multipart.MultipartFile)
[INFO ] 2016-09-18 21:24:21.018 [main] RequestMappingHandlerMapping - Mapped "{[/error],produces=[text/html]}" onto public org.springframework.web.servlet.ModelAndView org.springframework.boot.autoconfigure.web.BasicErrorController.errorHtml(javax.servlet.http.HttpServletRequest,javax.servlet.http.HttpServletResponse)
[INFO ] 2016-09-18 21:24:21.018 [main] RequestMappingHandlerMapping - Mapped "{[/error]}" onto public org.springframework.http.ResponseEntity<java.util.Map<java.lang.String, java.lang.Object>> org.springframework.boot.autoconfigure.web.BasicErrorController.error(javax.servlet.http.HttpServletRequest)
[INFO ] 2016-09-18 21:24:21.054 [main] SimpleUrlHandlerMapping - Mapped URL path [/webjars/**] onto handler of type [class org.springframework.web.servlet.resource.ResourceHttpRequestHandler]
[INFO ] 2016-09-18 21:24:21.054 [main] SimpleUrlHandlerMapping - Mapped URL path [/**] onto handler of type [class org.springframework.web.servlet.resource.ResourceHttpRequestHandler]
[INFO ] 2016-09-18 21:24:21.091 [main] SimpleUrlHandlerMapping - Mapped URL path [/**/favicon.ico] onto handler of type [class org.springframework.web.servlet.resource.ResourceHttpRequestHandler]
[INFO ] 2016-09-18 21:24:24.208 [http-nio-8080-exec-1] DispatcherServlet - FrameworkServlet 'dispatcherServlet': initialization started
[INFO ] 2016-09-18 21:24:24.221 [http-nio-8080-exec-1] DispatcherServlet - FrameworkServlet 'dispatcherServlet': initialization completed in 13 ms
[INFO ] 2016-09-18 21:28:09.971 [localhost-startStop-1] ContextLoader - Root WebApplicationContext: initialization completed in 1595 ms
[INFO ] 2016-09-18 21:28:10.590 [main] RequestMappingHandlerAdapter - Looking for @ControllerAdvice: org.springframework.boot.context.embedded.AnnotationConfigEmbeddedWebApplicationContext@274872f8: startup date [Sun Sep 18 21:28:08 PDT 2016]; root of context hierarchy
[INFO ] 2016-09-18 21:28:10.681 [main] RequestMappingHandlerMapping - Mapped "{[/createInventory],methods=[POST]}" onto public org.springframework.http.ResponseEntity<java.lang.String> com.shipwire.controller.InventoryController.create(org.springframework.web.multipart.MultipartFile)
[INFO ] 2016-09-18 21:28:10.683 [main] RequestMappingHandlerMapping - Mapped "{[/createOrder],methods=[POST]}" onto public org.springframework.http.ResponseEntity<java.lang.String> com.shipwire.controller.OrderController.create(org.springframework.web.multipart.MultipartFile)
[INFO ] 2016-09-18 21:28:10.686 [main] RequestMappingHandlerMapping - Mapped "{[/error],produces=[text/html]}" onto public org.springframework.web.servlet.ModelAndView org.springframework.boot.autoconfigure.web.BasicErrorController.errorHtml(javax.servlet.http.HttpServletRequest,javax.servlet.http.HttpServletResponse)
[INFO ] 2016-09-18 21:28:10.687 [main] RequestMappingHandlerMapping - Mapped "{[/error]}" onto public org.springframework.http.ResponseEntity<java.util.Map<java.lang.String, java.lang.Object>> org.springframework.boot.autoconfigure.web.BasicErrorController.error(javax.servlet.http.HttpServletRequest)
[INFO ] 2016-09-18 21:28:10.742 [main] SimpleUrlHandlerMapping - Mapped URL path [/webjars/**] onto handler of type [class org.springframework.web.servlet.resource.ResourceHttpRequestHandler]
[INFO ] 2016-09-18 21:28:10.742 [main] SimpleUrlHandlerMapping - Mapped URL path [/**] onto handler of type [class org.springframework.web.servlet.resource.ResourceHttpRequestHandler]
[INFO ] 2016-09-18 21:28:10.804 [main] SimpleUrlHandlerMapping - Mapped URL path [/**/favicon.ico] onto handler of type [class org.springframework.web.servlet.resource.ResourceHttpRequestHandler]
[INFO ] 2016-09-18 21:28:14.254 [http-nio-8080-exec-1] DispatcherServlet - FrameworkServlet 'dispatcherServlet': initialization started
[INFO ] 2016-09-18 21:28:14.273 [http-nio-8080-exec-1] DispatcherServlet - FrameworkServlet 'dispatcherServlet': initialization completed in 19 ms
[INFO ] 2016-09-18 21:33:33.429 [localhost-startStop-1] ContextLoader - Root WebApplicationContext: initialization completed in 1740 ms
[INFO ] 2016-09-18 21:33:33.955 [main] RequestMappingHandlerAdapter - Looking for @ControllerAdvice: org.springframework.boot.context.embedded.AnnotationConfigEmbeddedWebApplicationContext@274872f8: startup date [Sun Sep 18 21:33:31 PDT 2016]; root of context hierarchy
[INFO ] 2016-09-18 21:33:34.043 [main] RequestMappingHandlerMapping - Mapped "{[/createInventory],methods=[POST]}" onto public org.springframework.http.ResponseEntity<java.lang.String> com.shipwire.controller.InventoryController.create(org.springframework.web.multipart.MultipartFile)
[INFO ] 2016-09-18 21:33:34.045 [main] RequestMappingHandlerMapping - Mapped "{[/createOrder],methods=[POST]}" onto public org.springframework.http.ResponseEntity<java.lang.String> com.shipwire.controller.OrderController.create(org.springframework.web.multipart.MultipartFile)
[INFO ] 2016-09-18 21:33:34.048 [main] RequestMappingHandlerMapping - Mapped "{[/error],produces=[text/html]}" onto public org.springframework.web.servlet.ModelAndView org.springframework.boot.autoconfigure.web.BasicErrorController.errorHtml(javax.servlet.http.HttpServletRequest,javax.servlet.http.HttpServletResponse)
[INFO ] 2016-09-18 21:33:34.049 [main] RequestMappingHandlerMapping - Mapped "{[/error]}" onto public org.springframework.http.ResponseEntity<java.util.Map<java.lang.String, java.lang.Object>> org.springframework.boot.autoconfigure.web.BasicErrorController.error(javax.servlet.http.HttpServletRequest)
[INFO ] 2016-09-18 21:33:34.097 [main] SimpleUrlHandlerMapping - Mapped URL path [/webjars/**] onto handler of type [class org.springframework.web.servlet.resource.ResourceHttpRequestHandler]
[INFO ] 2016-09-18 21:33:34.097 [main] SimpleUrlHandlerMapping - Mapped URL path [/**] onto handler of type [class org.springframework.web.servlet.resource.ResourceHttpRequestHandler]
[INFO ] 2016-09-18 21:33:34.137 [main] SimpleUrlHandlerMapping - Mapped URL path [/**/favicon.ico] onto handler of type [class org.springframework.web.servlet.resource.ResourceHttpRequestHandler]
[INFO ] 2016-09-18 21:33:36.850 [http-nio-8080-exec-1] DispatcherServlet - FrameworkServlet 'dispatcherServlet': initialization started
[INFO ] 2016-09-18 21:33:36.867 [http-nio-8080-exec-1] DispatcherServlet - FrameworkServlet 'dispatcherServlet': initialization completed in 17 ms
[INFO ] 2016-09-18 21:36:09.962 [localhost-startStop-1] ContextLoader - Root WebApplicationContext: initialization completed in 1501 ms
[INFO ] 2016-09-18 21:36:10.445 [main] RequestMappingHandlerAdapter - Looking for @ControllerAdvice: org.springframework.boot.context.embedded.AnnotationConfigEmbeddedWebApplicationContext@5769c51b: startup date [Sun Sep 18 21:36:08 PDT 2016]; root of context hierarchy
[INFO ] 2016-09-18 21:36:10.512 [main] RequestMappingHandlerMapping - Mapped "{[/createInventory],methods=[POST]}" onto public org.springframework.http.ResponseEntity<java.lang.String> com.shipwire.controller.InventoryController.create(org.springframework.web.multipart.MultipartFile)
[INFO ] 2016-09-18 21:36:10.514 [main] RequestMappingHandlerMapping - Mapped "{[/createOrder],methods=[POST]}" onto public org.springframework.http.ResponseEntity<java.lang.String> com.shipwire.controller.OrderController.create(org.springframework.web.multipart.MultipartFile)
[INFO ] 2016-09-18 21:36:10.517 [main] RequestMappingHandlerMapping - Mapped "{[/error],produces=[text/html]}" onto public org.springframework.web.servlet.ModelAndView org.springframework.boot.autoconfigure.web.BasicErrorController.errorHtml(javax.servlet.http.HttpServletRequest,javax.servlet.http.HttpServletResponse)
[INFO ] 2016-09-18 21:36:10.518 [main] RequestMappingHandlerMapping - Mapped "{[/error]}" onto public org.springframework.http.ResponseEntity<java.util.Map<java.lang.String, java.lang.Object>> org.springframework.boot.autoconfigure.web.BasicErrorController.error(javax.servlet.http.HttpServletRequest)
[INFO ] 2016-09-18 21:36:10.561 [main] SimpleUrlHandlerMapping - Mapped URL path [/webjars/**] onto handler of type [class org.springframework.web.servlet.resource.ResourceHttpRequestHandler]
[INFO ] 2016-09-18 21:36:10.561 [main] SimpleUrlHandlerMapping - Mapped URL path [/**] onto handler of type [class org.springframework.web.servlet.resource.ResourceHttpRequestHandler]
[INFO ] 2016-09-18 21:36:10.605 [main] SimpleUrlHandlerMapping - Mapped URL path [/**/favicon.ico] onto handler of type [class org.springframework.web.servlet.resource.ResourceHttpRequestHandler]
[INFO ] 2016-09-18 21:36:13.145 [http-nio-8080-exec-1] DispatcherServlet - FrameworkServlet 'dispatcherServlet': initialization started
[INFO ] 2016-09-18 21:36:13.158 [http-nio-8080-exec-1] DispatcherServlet - FrameworkServlet 'dispatcherServlet': initialization completed in 13 ms
[INFO ] 2016-09-18 21:38:34.414 [localhost-startStop-1] ContextLoader - Root WebApplicationContext: initialization completed in 1689 ms
[INFO ] 2016-09-18 21:38:34.857 [main] RequestMappingHandlerAdapter - Looking for @ControllerAdvice: org.springframework.boot.context.embedded.AnnotationConfigEmbeddedWebApplicationContext@5769c51b: startup date [Sun Sep 18 21:38:32 PDT 2016]; root of context hierarchy
[INFO ] 2016-09-18 21:38:34.921 [main] RequestMappingHandlerMapping - Mapped "{[/createInventory],methods=[POST]}" onto public org.springframework.http.ResponseEntity<java.lang.String> com.shipwire.controller.InventoryController.create(org.springframework.web.multipart.MultipartFile)
[INFO ] 2016-09-18 21:38:34.922 [main] RequestMappingHandlerMapping - Mapped "{[/createOrder],methods=[POST]}" onto public org.springframework.http.ResponseEntity<java.lang.String> com.shipwire.controller.OrderController.create(org.springframework.web.multipart.MultipartFile)
[INFO ] 2016-09-18 21:38:34.925 [main] RequestMappingHandlerMapping - Mapped "{[/error],produces=[text/html]}" onto public org.springframework.web.servlet.ModelAndView org.springframework.boot.autoconfigure.web.BasicErrorController.errorHtml(javax.servlet.http.HttpServletRequest,javax.servlet.http.HttpServletResponse)
[INFO ] 2016-09-18 21:38:34.925 [main] RequestMappingHandlerMapping - Mapped "{[/error]}" onto public org.springframework.http.ResponseEntity<java.util.Map<java.lang.String, java.lang.Object>> org.springframework.boot.autoconfigure.web.BasicErrorController.error(javax.servlet.http.HttpServletRequest)
[INFO ] 2016-09-18 21:38:34.962 [main] SimpleUrlHandlerMapping - Mapped URL path [/webjars/**] onto handler of type [class org.springframework.web.servlet.resource.ResourceHttpRequestHandler]
[INFO ] 2016-09-18 21:38:34.962 [main] SimpleUrlHandlerMapping - Mapped URL path [/**] onto handler of type [class org.springframework.web.servlet.resource.ResourceHttpRequestHandler]
[INFO ] 2016-09-18 21:38:34.999 [main] SimpleUrlHandlerMapping - Mapped URL path [/**/favicon.ico] onto handler of type [class org.springframework.web.servlet.resource.ResourceHttpRequestHandler]
[INFO ] 2016-09-18 21:38:37.762 [http-nio-8080-exec-1] DispatcherServlet - FrameworkServlet 'dispatcherServlet': initialization started
[INFO ] 2016-09-18 21:38:37.773 [http-nio-8080-exec-1] DispatcherServlet - FrameworkServlet 'dispatcherServlet': initialization completed in 11 ms
[INFO ] 2016-09-18 21:39:25.041 [localhost-startStop-1] ContextLoader - Root WebApplicationContext: initialization completed in 1558 ms
[INFO ] 2016-09-18 21:39:25.510 [main] RequestMappingHandlerAdapter - Looking for @ControllerAdvice: org.springframework.boot.context.embedded.AnnotationConfigEmbeddedWebApplicationContext@1cc83e84: startup date [Sun Sep 18 21:39:23 PDT 2016]; root of context hierarchy
[INFO ] 2016-09-18 21:39:25.600 [main] RequestMappingHandlerMapping - Mapped "{[/createInventory],methods=[POST]}" onto public org.springframework.http.ResponseEntity<java.lang.String> com.shipwire.controller.InventoryController.create(org.springframework.web.multipart.MultipartFile)
[INFO ] 2016-09-18 21:39:25.601 [main] RequestMappingHandlerMapping - Mapped "{[/createOrder],methods=[POST]}" onto public org.springframework.http.ResponseEntity<java.lang.String> com.shipwire.controller.OrderController.create(org.springframework.web.multipart.MultipartFile)
[INFO ] 2016-09-18 21:39:25.605 [main] RequestMappingHandlerMapping - Mapped "{[/error],produces=[text/html]}" onto public org.springframework.web.servlet.ModelAndView org.springframework.boot.autoconfigure.web.BasicErrorController.errorHtml(javax.servlet.http.HttpServletRequest,javax.servlet.http.HttpServletResponse)
[INFO ] 2016-09-18 21:39:25.605 [main] RequestMappingHandlerMapping - Mapped "{[/error]}" onto public org.springframework.http.ResponseEntity<java.util.Map<java.lang.String, java.lang.Object>> org.springframework.boot.autoconfigure.web.BasicErrorController.error(javax.servlet.http.HttpServletRequest)
[INFO ] 2016-09-18 21:39:25.651 [main] SimpleUrlHandlerMapping - Mapped URL path [/webjars/**] onto handler of type [class org.springframework.web.servlet.resource.ResourceHttpRequestHandler]
[INFO ] 2016-09-18 21:39:25.651 [main] SimpleUrlHandlerMapping - Mapped URL path [/**] onto handler of type [class org.springframework.web.servlet.resource.ResourceHttpRequestHandler]
[INFO ] 2016-09-18 21:39:25.697 [main] SimpleUrlHandlerMapping - Mapped URL path [/**/favicon.ico] onto handler of type [class org.springframework.web.servlet.resource.ResourceHttpRequestHandler]
[INFO ] 2016-09-18 21:39:39.983 [http-nio-8080-exec-1] DispatcherServlet - FrameworkServlet 'dispatcherServlet': initialization started
[INFO ] 2016-09-18 21:39:39.993 [http-nio-8080-exec-1] DispatcherServlet - FrameworkServlet 'dispatcherServlet': initialization completed in 10 ms
